This is pdfTeX, Version 3.14159265-2.6-1.40.16 (MiKTeX 2.9) (preloaded format=pdflatex 2015.9.8)  27 OCT 2015 00:02
entering extended mode
**D:/Repo/NDTR/Application-of-pattern-recognition-algorithms-in-neutron-dosimet
ry/main/docs/master/master-rad.tex

(D:/Repo/NDTR/Application-of-pattern-recognition-algorithms-in-neutron-dosimetr
y/main/docs/master/master-rad.tex
LaTeX2e <2015/01/01> patch level 2
Babel <3.9m> and hyphenation patterns for 69 languages loaded.
("C:\Program Files (x86)\MiKTeX 2.9\tex\latex\base\book.cls"
Document Class: book 2014/09/29 v1.4h Standard LaTeX document class
("C:\Program Files (x86)\MiKTeX 2.9\tex\latex\base\bk11.clo"
File: bk11.clo 2014/09/29 v1.4h Standard LaTeX file (size option)
)
\c@part=\count79
\c@chapter=\count80
\c@section=\count81
\c@subsection=\count82
\c@subsubsection=\count83
\c@paragraph=\count84
\c@subparagraph=\count85
\c@figure=\count86
\c@table=\count87
\abovecaptionskip=\skip41
\belowcaptionskip=\skip42
\bibindent=\dimen102
)
("C:\Program Files (x86)\MiKTeX 2.9\tex\latex\base\inputenc.sty"
Package: inputenc 2015/03/17 v1.2c Input encoding file
\inpenc@prehook=\toks14
\inpenc@posthook=\toks15

("C:\Program Files (x86)\MiKTeX 2.9\tex\latex\ucs\utf8x.def"
File: utf8x.def 2004/10/17 UCS: Input encoding UTF-8
))
("C:\Program Files (x86)\MiKTeX 2.9\tex\latex\ucs\ucs.sty"
Package: ucs 2013/05/11 v2.2 UCS: Unicode input support

("C:\Program Files (x86)\MiKTeX 2.9\tex\latex\ucs\uni-global.def"
File: uni-global.def 2013/05/13 UCS: Unicode global data
)
\uc@secondtry=\count88
\uc@combtoks=\toks16
\uc@combtoksb=\toks17
\uc@temptokena=\toks18
)
("C:\Program Files (x86)\MiKTeX 2.9\tex\latex\base\fontenc.sty"
Package: fontenc 2005/09/27 v1.99g Standard LaTeX package

("C:\Program Files (x86)\MiKTeX 2.9\tex\latex\cyrillic\t2aenc.def"
File: t2aenc.def 2005/09/27 v1.0i Cyrillic encoding definition file
)
LaTeX Font Info:    Try loading font information for T2A+cmr on input line 105.


("C:\Program Files (x86)\MiKTeX 2.9\tex\latex\cyrillic\t2acmr.fd"
File: t2acmr.fd 2001/08/11 v1.0a Computer Modern Cyrillic font definitions
))
("C:\Program Files (x86)\MiKTeX 2.9\tex\latex\amsmath\amsmath.sty"
Package: amsmath 2013/01/14 v2.14 AMS math features
\@mathmargin=\skip43

For additional information on amsmath, use the `?' option.
("C:\Program Files (x86)\MiKTeX 2.9\tex\latex\amsmath\amstext.sty"
Package: amstext 2000/06/29 v2.01

("C:\Program Files (x86)\MiKTeX 2.9\tex\latex\amsmath\amsgen.sty"
File: amsgen.sty 1999/11/30 v2.0
\@emptytoks=\toks19
\ex@=\dimen103
))
("C:\Program Files (x86)\MiKTeX 2.9\tex\latex\amsmath\amsbsy.sty"
Package: amsbsy 1999/11/29 v1.2d
\pmbraise@=\dimen104
)
("C:\Program Files (x86)\MiKTeX 2.9\tex\latex\amsmath\amsopn.sty"
Package: amsopn 1999/12/14 v2.01 operator names
)
\inf@bad=\count89
LaTeX Info: Redefining \frac on input line 210.
\uproot@=\count90
\leftroot@=\count91
LaTeX Info: Redefining \overline on input line 306.
\classnum@=\count92
\DOTSCASE@=\count93
LaTeX Info: Redefining \ldots on input line 378.
LaTeX Info: Redefining \dots on input line 381.
LaTeX Info: Redefining \cdots on input line 466.
\Mathstrutbox@=\box26
\strutbox@=\box27
\big@size=\dimen105
LaTeX Font Info:    Redeclaring font encoding OML on input line 566.
LaTeX Font Info:    Redeclaring font encoding OMS on input line 567.
\macc@depth=\count94
\c@MaxMatrixCols=\count95
\dotsspace@=\muskip10
\c@parentequation=\count96
\dspbrk@lvl=\count97
\tag@help=\toks20
\row@=\count98
\column@=\count99
\maxfields@=\count100
\andhelp@=\toks21
\eqnshift@=\dimen106
\alignsep@=\dimen107
\tagshift@=\dimen108
\tagwidth@=\dimen109
\totwidth@=\dimen110
\lineht@=\dimen111
\@envbody=\toks22
\multlinegap=\skip44
\multlinetaggap=\skip45
\mathdisplay@stack=\toks23
LaTeX Info: Redefining \[ on input line 2665.
LaTeX Info: Redefining \] on input line 2666.
)
("C:\Program Files (x86)\MiKTeX 2.9\tex\latex\amsfonts\amssymb.sty"
Package: amssymb 2013/01/14 v3.01 AMS font symbols

("C:\Program Files (x86)\MiKTeX 2.9\tex\latex\amsfonts\amsfonts.sty"
Package: amsfonts 2013/01/14 v3.01 Basic AMSFonts support
\symAMSa=\mathgroup4
\symAMSb=\mathgroup5
LaTeX Font Info:    Overwriting math alphabet `\mathfrak' in version `bold'
(Font)                  U/euf/m/n --> U/euf/b/n on input line 106.
))
("C:\Program Files (x86)\MiKTeX 2.9\tex\latex\base\textcomp.sty"
Package: textcomp 2005/09/27 v1.99g Standard LaTeX package
Package textcomp Info: Sub-encoding information:
(textcomp)               5 = only ISO-Adobe without \textcurrency
(textcomp)               4 = 5 + \texteuro
(textcomp)               3 = 4 + \textohm
(textcomp)               2 = 3 + \textestimated + \textcurrency
(textcomp)               1 = TS1 - \textcircled - \t
(textcomp)               0 = TS1 (full)
(textcomp)             Font families with sub-encoding setting implement
(textcomp)             only a restricted character set as indicated.
(textcomp)             Family '?' is the default used for unknown fonts.
(textcomp)             See the documentation for details.
Package textcomp Info: Setting ? sub-encoding to TS1/1 on input line 79.

("C:\Program Files (x86)\MiKTeX 2.9\tex\latex\base\ts1enc.def"
File: ts1enc.def 2001/06/05 v3.0e (jk/car/fm) Standard LaTeX file
)
LaTeX Info: Redefining \oldstylenums on input line 334.
Package textcomp Info: Setting cmr sub-encoding to TS1/0 on input line 349.
Package textcomp Info: Setting cmss sub-encoding to TS1/0 on input line 350.
Package textcomp Info: Setting cmtt sub-encoding to TS1/0 on input line 351.
Package textcomp Info: Setting cmvtt sub-encoding to TS1/0 on input line 352.
Package textcomp Info: Setting cmbr sub-encoding to TS1/0 on input line 353.
Package textcomp Info: Setting cmtl sub-encoding to TS1/0 on input line 354.
Package textcomp Info: Setting ccr sub-encoding to TS1/0 on input line 355.
Package textcomp Info: Setting ptm sub-encoding to TS1/4 on input line 356.
Package textcomp Info: Setting pcr sub-encoding to TS1/4 on input line 357.
Package textcomp Info: Setting phv sub-encoding to TS1/4 on input line 358.
Package textcomp Info: Setting ppl sub-encoding to TS1/3 on input line 359.
Package textcomp Info: Setting pag sub-encoding to TS1/4 on input line 360.
Package textcomp Info: Setting pbk sub-encoding to TS1/4 on input line 361.
Package textcomp Info: Setting pnc sub-encoding to TS1/4 on input line 362.
Package textcomp Info: Setting pzc sub-encoding to TS1/4 on input line 363.
Package textcomp Info: Setting bch sub-encoding to TS1/4 on input line 364.
Package textcomp Info: Setting put sub-encoding to TS1/5 on input line 365.
Package textcomp Info: Setting uag sub-encoding to TS1/5 on input line 366.
Package textcomp Info: Setting ugq sub-encoding to TS1/5 on input line 367.
Package textcomp Info: Setting ul8 sub-encoding to TS1/4 on input line 368.
Package textcomp Info: Setting ul9 sub-encoding to TS1/4 on input line 369.
Package textcomp Info: Setting augie sub-encoding to TS1/5 on input line 370.
Package textcomp Info: Setting dayrom sub-encoding to TS1/3 on input line 371.
Package textcomp Info: Setting dayroms sub-encoding to TS1/3 on input line 372.

Package textcomp Info: Setting pxr sub-encoding to TS1/0 on input line 373.
Package textcomp Info: Setting pxss sub-encoding to TS1/0 on input line 374.
Package textcomp Info: Setting pxtt sub-encoding to TS1/0 on input line 375.
Package textcomp Info: Setting txr sub-encoding to TS1/0 on input line 376.
Package textcomp Info: Setting txss sub-encoding to TS1/0 on input line 377.
Package textcomp Info: Setting txtt sub-encoding to TS1/0 on input line 378.
Package textcomp Info: Setting lmr sub-encoding to TS1/0 on input line 379.
Package textcomp Info: Setting lmdh sub-encoding to TS1/0 on input line 380.
Package textcomp Info: Setting lmss sub-encoding to TS1/0 on input line 381.
Package textcomp Info: Setting lmssq sub-encoding to TS1/0 on input line 382.
Package textcomp Info: Setting lmvtt sub-encoding to TS1/0 on input line 383.
Package textcomp Info: Setting lmtt sub-encoding to TS1/0 on input line 384.
Package textcomp Info: Setting qhv sub-encoding to TS1/0 on input line 385.
Package textcomp Info: Setting qag sub-encoding to TS1/0 on input line 386.
Package textcomp Info: Setting qbk sub-encoding to TS1/0 on input line 387.
Package textcomp Info: Setting qcr sub-encoding to TS1/0 on input line 388.
Package textcomp Info: Setting qcs sub-encoding to TS1/0 on input line 389.
Package textcomp Info: Setting qpl sub-encoding to TS1/0 on input line 390.
Package textcomp Info: Setting qtm sub-encoding to TS1/0 on input line 391.
Package textcomp Info: Setting qzc sub-encoding to TS1/0 on input line 392.
Package textcomp Info: Setting qhvc sub-encoding to TS1/0 on input line 393.
Package textcomp Info: Setting futs sub-encoding to TS1/4 on input line 394.
Package textcomp Info: Setting futx sub-encoding to TS1/4 on input line 395.
Package textcomp Info: Setting futj sub-encoding to TS1/4 on input line 396.
Package textcomp Info: Setting hlh sub-encoding to TS1/3 on input line 397.
Package textcomp Info: Setting hls sub-encoding to TS1/3 on input line 398.
Package textcomp Info: Setting hlst sub-encoding to TS1/3 on input line 399.
Package textcomp Info: Setting hlct sub-encoding to TS1/5 on input line 400.
Package textcomp Info: Setting hlx sub-encoding to TS1/5 on input line 401.
Package textcomp Info: Setting hlce sub-encoding to TS1/5 on input line 402.
Package textcomp Info: Setting hlcn sub-encoding to TS1/5 on input line 403.
Package textcomp Info: Setting hlcw sub-encoding to TS1/5 on input line 404.
Package textcomp Info: Setting hlcf sub-encoding to TS1/5 on input line 405.
Package textcomp Info: Setting pplx sub-encoding to TS1/3 on input line 406.
Package textcomp Info: Setting pplj sub-encoding to TS1/3 on input line 407.
Package textcomp Info: Setting ptmx sub-encoding to TS1/4 on input line 408.
Package textcomp Info: Setting ptmj sub-encoding to TS1/4 on input line 409.
)
("C:\Program Files (x86)\MiKTeX 2.9\tex\latex\graphics\graphicx.sty"
Package: graphicx 2014/10/28 v1.0g Enhanced LaTeX Graphics (DPC,SPQR)

("C:\Program Files (x86)\MiKTeX 2.9\tex\latex\graphics\keyval.sty"
Package: keyval 2014/10/28 v1.15 key=value parser (DPC)
\KV@toks@=\toks24
)
("C:\Program Files (x86)\MiKTeX 2.9\tex\latex\graphics\graphics.sty"
Package: graphics 2014/10/28 v1.0p Standard LaTeX Graphics (DPC,SPQR)

("C:\Program Files (x86)\MiKTeX 2.9\tex\latex\graphics\trig.sty"
Package: trig 1999/03/16 v1.09 sin cos tan (DPC)
)
("C:\Program Files (x86)\MiKTeX 2.9\tex\latex\00miktex\graphics.cfg"
File: graphics.cfg 2007/01/18 v1.5 graphics configuration of teTeX/TeXLive
)
Package graphics Info: Driver file: pdftex.def on input line 94.

("C:\Program Files (x86)\MiKTeX 2.9\tex\latex\pdftex-def\pdftex.def"
File: pdftex.def 2011/05/27 v0.06d Graphics/color for pdfTeX

("C:\Program Files (x86)\MiKTeX 2.9\tex\generic\oberdiek\infwarerr.sty"
Package: infwarerr 2010/04/08 v1.3 Providing info/warning/error messages (HO)
)
("C:\Program Files (x86)\MiKTeX 2.9\tex\generic\oberdiek\ltxcmds.sty"
Package: ltxcmds 2011/11/09 v1.22 LaTeX kernel commands for general use (HO)
)
\Gread@gobject=\count101
))
\Gin@req@height=\dimen112
\Gin@req@width=\dimen113
)
("C:\Program Files (x86)\MiKTeX 2.9\tex\latex\listings\listings.sty"
\lst@mode=\count102
\lst@gtempboxa=\box28
\lst@token=\toks25
\lst@length=\count103
\lst@currlwidth=\dimen114
\lst@column=\count104
\lst@pos=\count105
\lst@lostspace=\dimen115
\lst@width=\dimen116
\lst@newlines=\count106
\lst@lineno=\count107
\lst@maxwidth=\dimen117

("C:\Program Files (x86)\MiKTeX 2.9\tex\latex\listings\lstmisc.sty"
File: lstmisc.sty 2015/06/04 1.6 (Carsten Heinz)
\c@lstnumber=\count108
\lst@skipnumbers=\count109
\lst@framebox=\box29
)
("C:\Program Files (x86)\MiKTeX 2.9\tex\latex\listings\listings.cfg"
File: listings.cfg 2015/06/04 1.6 listings configuration
))
Package: listings 2015/06/04 1.6 (Carsten Heinz)

("C:\Program Files (x86)\MiKTeX 2.9\tex\generic\babel\babel.sty"
Package: babel 2015/08/03 3.9m The Babel package

*************************************
* Local config file bblopts.cfg used
*
("C:\Program Files (x86)\MiKTeX 2.9\tex\latex\00miktex\bblopts.cfg"
File: bblopts.cfg 2006/07/31 v1.0 MiKTeX 'babel' configuration
)
("C:\Program Files (x86)\MiKTeX 2.9\tex\latex\babel-serbian\serbian.ldf"
Language: serbian 2005/03/31 v1.0d Serbocroatian support from the babel system

("C:\Program Files (x86)\MiKTeX 2.9\tex\generic\babel\babel.def"
File: babel.def 2015/08/03 3.9m Babel common definitions
\babel@savecnt=\count110
\U@D=\dimen118
)
Package babel Info: Making " an active character on input line 73.
)
("C:\Program Files (x86)\MiKTeX 2.9\tex\generic\serbianc\serbianc.ldf"
Language: serbianc 2011/06/06 v2.2 Serbian cyrillic


Package babel Warning: No hyphenation patterns were preloaded for
(babel)                the language `serbianc' into the format.
(babel)                Please, configure your TeX system to add them and
(babel)                rebuild the format. Now I will use the patterns
(babel)                preloaded for english instead on input line 24.

\l@serbianc = a dialect from \language0
)) ("C:\Program Files (x86)\MiKTeX 2.9\tex\latex\base\fontenc.sty"
Package: fontenc 2005/09/27 v1.99g Standard LaTeX package

("C:\Program Files (x86)\MiKTeX 2.9\tex\latex\cyrillic\t2aenc.def"
File: t2aenc.def 2005/09/27 v1.0i Cyrillic encoding definition file
LaTeX Font Info:    Redeclaring font encoding T2A on input line 42.
))
("C:\Program Files (x86)\MiKTeX 2.9\tex\latex\pdfsync\pdfsync.sty"
Package: pdfsync 2008/01/26 v1.1
)
("C:\Program Files (x86)\MiKTeX 2.9\tex\latex\geometry\geometry.sty"
Package: geometry 2010/09/12 v5.6 Page Geometry

("C:\Program Files (x86)\MiKTeX 2.9\tex\generic\oberdiek\ifpdf.sty"
Package: ifpdf 2011/01/30 v2.3 Provides the ifpdf switch (HO)
Package ifpdf Info: pdfTeX in PDF mode is detected.
)
("C:\Program Files (x86)\MiKTeX 2.9\tex\generic\oberdiek\ifvtex.sty"
Package: ifvtex 2010/03/01 v1.5 Detect VTeX and its facilities (HO)
Package ifvtex Info: VTeX not detected.
)
("C:\Program Files (x86)\MiKTeX 2.9\tex\generic\ifxetex\ifxetex.sty"
Package: ifxetex 2010/09/12 v0.6 Provides ifxetex conditional
)
\Gm@cnth=\count111
\Gm@cntv=\count112
\c@Gm@tempcnt=\count113
\Gm@bindingoffset=\dimen119
\Gm@wd@mp=\dimen120
\Gm@odd@mp=\dimen121
\Gm@even@mp=\dimen122
\Gm@layoutwidth=\dimen123
\Gm@layoutheight=\dimen124
\Gm@layouthoffset=\dimen125
\Gm@layoutvoffset=\dimen126
\Gm@dimlist=\toks26

("C:\Program Files (x86)\MiKTeX 2.9\tex\latex\geometry\geometry.cfg"))
("C:\Program Files (x86)\MiKTeX 2.9\tex\latex\float\float.sty"
Package: float 2001/11/08 v1.3d Float enhancements (AL)
\c@float@type=\count114
\float@exts=\toks27
\float@box=\box30
\@float@everytoks=\toks28
\@floatcapt=\box31
)
("C:\Program Files (x86)\MiKTeX 2.9\tex\latex\listings\lstlang1.sty"
File: lstlang1.sty 2015/06/04 1.6 listings language file
)
("C:\Program Files (x86)\MiKTeX 2.9\tex\latex\listings\lstmisc.sty"
File: lstmisc.sty 2015/06/04 1.6 (Carsten Heinz)
)
("C:\Program Files (x86)\MiKTeX 2.9\tex\latex\graphics\color.sty"
Package: color 2014/10/28 v1.1a Standard LaTeX Color (DPC)

("C:\Program Files (x86)\MiKTeX 2.9\tex\latex\00miktex\color.cfg"
File: color.cfg 2007/01/18 v1.5 color configuration of teTeX/TeXLive
)
Package color Info: Driver file: pdftex.def on input line 142.
)
("C:\Program Files (x86)\MiKTeX 2.9\tex\latex\xcolor\xcolor.sty"
Package: xcolor 2007/01/21 v2.11 LaTeX color extensions (UK)

("C:\Program Files (x86)\MiKTeX 2.9\tex\latex\00miktex\color.cfg"
File: color.cfg 2007/01/18 v1.5 color configuration of teTeX/TeXLive
)
Package xcolor Info: Driver file: pdftex.def on input line 225.
LaTeX Info: Redefining \color on input line 702.
Package xcolor Info: Model `cmy' substituted by `cmy0' on input line 1337.
Package xcolor Info: Model `hsb' substituted by `rgb' on input line 1341.
Package xcolor Info: Model `RGB' extended on input line 1353.
Package xcolor Info: Model `HTML' substituted by `rgb' on input line 1355.
Package xcolor Info: Model `Hsb' substituted by `hsb' on input line 1356.
Package xcolor Info: Model `tHsb' substituted by `hsb' on input line 1357.
Package xcolor Info: Model `HSB' substituted by `hsb' on input line 1358.
Package xcolor Info: Model `Gray' substituted by `gray' on input line 1359.
Package xcolor Info: Model `wave' substituted by `hsb' on input line 1360.
)
("C:\Program Files (x86)\MiKTeX 2.9\tex\latex\caption\caption.sty"
Package: caption 2013/05/02 v3.3-89 Customizing captions (AR)

("C:\Program Files (x86)\MiKTeX 2.9\tex\latex\caption\caption3.sty"
Package: caption3 2013/05/02 v1.6-88 caption3 kernel (AR)
Package caption3 Info: TeX engine: e-TeX on input line 57.
\captionmargin=\dimen127
\captionmargin@=\dimen128
\captionwidth=\dimen129
\caption@tempdima=\dimen130
\caption@indent=\dimen131
\caption@parindent=\dimen132
\caption@hangindent=\dimen133
)
\c@ContinuedFloat=\count115
Package caption Info: float package is loaded.
Package caption Info: listings package is loaded.
)
("C:\Program Files (x86)\MiKTeX 2.9\tex\latex\stmaryrd\stmaryrd.sty"
Package: stmaryrd 1994/03/03 St Mary's Road symbol package
\symstmry=\mathgroup6
LaTeX Font Info:    Overwriting symbol font `stmry' in version `bold'
(Font)                  U/stmry/m/n --> U/stmry/b/n on input line 89.
)
(master-rad.aux

LaTeX Warning: Label `fig:atom' multiply defined.


LaTeX Warning: Label `fig:cv' multiply defined.


LaTeX Warning: Label `fig:cv' multiply defined.


LaTeX Warning: Label `lst:grayscale' multiply defined.


LaTeX Warning: Label `fig:cv' multiply defined.


LaTeX Warning: Label `lst:grayscaleOtsu' multiply defined.


LaTeX Warning: Label `fig:otsu' multiply defined.


LaTeX Warning: Label `lst:signal_and_slot' multiply defined.


LaTeX Warning: Label `lst:signal_and_slot' multiply defined.


LaTeX Warning: Label `lst:signal_and_slot' multiply defined.

)
LaTeX Font Info:    Checking defaults for OML/cmm/m/it on input line 104.
LaTeX Font Info:    ... okay on input line 104.
LaTeX Font Info:    Checking defaults for T1/cmr/m/n on input line 104.
LaTeX Font Info:    ... okay on input line 104.
LaTeX Font Info:    Checking defaults for OT1/cmr/m/n on input line 104.
LaTeX Font Info:    ... okay on input line 104.
LaTeX Font Info:    Checking defaults for OMS/cmsy/m/n on input line 104.
LaTeX Font Info:    ... okay on input line 104.
LaTeX Font Info:    Checking defaults for OMX/cmex/m/n on input line 104.
LaTeX Font Info:    ... okay on input line 104.
LaTeX Font Info:    Checking defaults for U/cmr/m/n on input line 104.
LaTeX Font Info:    ... okay on input line 104.
LaTeX Font Info:    Checking defaults for T2A/cmr/m/n on input line 104.
LaTeX Font Info:    ... okay on input line 104.
LaTeX Font Info:    Checking defaults for TS1/cmr/m/n on input line 104.
LaTeX Font Info:    Try loading font information for TS1+cmr on input line 104.

 ("C:\Program Files (x86)\MiKTeX 2.9\tex\latex\base\ts1cmr.fd"
File: ts1cmr.fd 2014/09/29 v2.5h Standard LaTeX font definitions
)
LaTeX Font Info:    ... okay on input line 104.

("C:\Program Files (x86)\MiKTeX 2.9\tex\latex\ucs\ucsencs.def"
File: ucsencs.def 2011/01/21 Fixes to fontencodings LGR, T3
)
("C:\Program Files (x86)\MiKTeX 2.9\tex\context\base\supp-pdf.mkii"
[Loading MPS to PDF converter (version 2006.09.02).]
\scratchcounter=\count116
\scratchdimen=\dimen134
\scratchbox=\box32
\nofMPsegments=\count117
\nofMParguments=\count118
\everyMPshowfont=\toks29
\MPscratchCnt=\count119
\MPscratchDim=\dimen135
\MPnumerator=\count120
\makeMPintoPDFobject=\count121
\everyMPtoPDFconversion=\toks30
)
\c@lstlisting=\count122
Configuring pdfsync
\PDFSYNC@ut=\write3
\PDFSYNCf@li@=\count123
\PDFSYNC@rder=\count124
**** pdfsync.sty: Synchronizing at \everypar
\PDFSYNCeveryp@r=\toks31
**** pdfsync.sty: Synchronizing at \everymath
\PDFSYNCeverym@th=\toks32
**** pdfsync.sty: Synchronizing at \everyhbox
\PDFSYNCeveryhb@x=\toks33
**** pdfsync.sty: Synchronizing at \everyvbox
\PDFSYNCeveryvb@x=\toks34
**** pdfsync.sty: started

*geometry* driver: auto-detecting
*geometry* detected driver: pdftex
*geometry* verbose mode - [ preamble ] result:
* driver: pdftex
* paper: a4paper
* layout: <same size as paper>
* layoutoffset:(h,v)=(0.0pt,0.0pt)
* modes: 
* h-part:(L,W,R)=(71.13188pt, 455.24411pt, 71.13188pt)
* v-part:(T,H,B)=(71.13188pt, 702.78308pt, 71.13188pt)
* \paperwidth=597.50787pt
* \paperheight=845.04684pt
* \textwidth=455.24411pt
* \textheight=702.78308pt
* \oddsidemargin=-1.1381pt
* \evensidemargin=-1.1381pt
* \topmargin=-33.0119pt
* \headheight=12.0pt
* \headsep=19.8738pt
* \topskip=11.0pt
* \footskip=27.46295pt
* \marginparwidth=53.0pt
* \marginparsep=7.0pt
* \columnsep=10.0pt
* \skip\footins=10.0pt plus 4.0pt minus 2.0pt
* \hoffset=0.0pt
* \voffset=0.0pt
* \mag=1000
* \@twocolumnfalse
* \@twosidefalse
* \@mparswitchfalse
* \@reversemarginfalse
* (1in=72.27pt=25.4mm, 1cm=28.453pt)

Package caption Info: Begin \AtBeginDocument code.
Package caption Info: End \AtBeginDocument code.
(naslovna.tex <logo-pmf.pdf, id=1, 288.07625pt x 288.07625pt>
File: logo-pmf.pdf Graphic file (type pdf)

<use logo-pmf.pdf>
Package pdftex.def Info: logo-pmf.pdf used on input line 10.
(pdftex.def)             Requested size: 113.81102pt x 113.81303pt.
 ("C:\Program Files (x86)\MiKTeX 2.9\tex\latex\ucs\uni-4.def"
File: uni-4.def 2013/05/13 UCS: Unicode data U+0400..U+04FF
)
LaTeX Font Info:    Try loading font information for U+msa on input line 30.
 ("C:\Program Files (x86)\MiKTeX 2.9\tex\latex\amsfonts\umsa.fd"
File: umsa.fd 2013/01/14 v3.01 AMS symbols A
)
LaTeX Font Info:    Try loading font information for U+msb on input line 30.

("C:\Program Files (x86)\MiKTeX 2.9\tex\latex\amsfonts\umsb.fd"
File: umsb.fd 2013/01/14 v3.01 AMS symbols B
)
LaTeX Font Info:    Try loading font information for U+stmry on input line 30.

("C:\Program Files (x86)\MiKTeX 2.9\tex\latex\stmaryrd\ustmry.fd") [1


{C:/Users/Nikola/AppData/Local/MiKTeX/2.9/pdftex/config/pdftex.map} <./logo-pmf
.pdf>])
(master-rad.toc)
\tf@toc=\write4
 [1

]
Overfull \hbox (38.11015pt too wide) in paragraph at lines 129--130
[][][]\T2A/cmr/m/n/10.95 Дозиметриjа се бави одреўива»ем апсорбоване дозе jониз
уjуЈег зраче»а у разним материjалима,
 []


Overfull \hbox (38.00018pt too wide) in paragraph at lines 129--130
\T2A/cmr/m/n/10.95 дозиметара су далеко од идеалних, а траг детектори се данас 
сматраjу jедном од наjперспективниjих
 []


Overfull \hbox (5.89615pt too wide) in paragraph at lines 131--132
[][][]\T2A/cmr/m/n/10.95 Мере»е густине трагова врши се визуелном проценом броj
а трагова по jединици површине
 []

[2

]
\CYRG \cyrl \cyra \cyrv \cyra  1.
<images/atom.png, id=24, 701.62125pt x 691.08188pt>
File: images/atom.png Graphic file (type png)
 <use images/atom.png>
Package pdftex.def Info: images/atom.png used on input line 152.
(pdftex.def)             Requested size: 142.26378pt x 140.12257pt.

Overfull \hbox (12.49226pt too wide) in paragraph at lines 166--167
[][][]\T2A/cmr/m/n/10.95 Према ефектима коjе производи на материjу, зраче»е се 
може класификовати на jонизуjуЈе
 []

[3

 <./images/atom.png (PNG copy)>]
<images/radiation.png, id=29, 867.99281pt x 554.07pt>
File: images/radiation.png Graphic file (type png)

<use images/radiation.png>
Package pdftex.def Info: images/radiation.png used on input line 175.
(pdftex.def)             Requested size: 341.43306pt x 217.9464pt.

Overfull \hbox (8.7657pt too wide) in paragraph at lines 187--188
[][][]\T2A/cmr/bx/n/10.95 Гама зраче»е ($[][]\OML/cmm/m/it/10.95 $\T2A/cmr/bx/
n/10.95 ) \T2A/cmr/m/n/10.95 jе врло високи енергетски фотон (форма електромагн
етне радиjациjе
 []

[4 <./images/radiation.png>]
Overfull \hbox (18.6315pt too wide) in paragraph at lines 207--208
\T2A/cmr/m/n/10.95 радионуклеида, те представ§аjу опасност за животну средину (
радиоактивни громобрани,
 []


Overfull \hbox (10.6636pt too wide) in paragraph at lines 215--216
[][][]\T2A/cmr/m/n/10.95 Код хроничне изложености радиоактивном зраче»у, обично
 код професионално изложених
 []

[5]
Overfull \hbox (7.28065pt too wide) in paragraph at lines 223--224
\T2A/cmr/m/n/10.95 нуклеарним реакторима. Како енергиjа неутрона опада, расеjа»
е се настав§а, али генерално,
 []


Overfull \hbox (24.29211pt too wide) in paragraph at lines 225--226
[][][]\T2A/cmr/m/n/10.95 Еластично расеjа»е неутрона се доста користи за регист
рова»е брзих неутрона, проучаваjуЈи
 []


Overfull \hbox (4.78502pt too wide) in paragraph at lines 225--226
\T2A/cmr/m/n/10.95 расеjа»а се такоўе користи за регистрова»е узмакнутих jезгар
а помоЈу jонизационих метода. 
 []


Overfull \hbox (24.1356pt too wide) in paragraph at lines 229--230
[][][]\T2A/cmr/m/n/10.95 Наjважниjе примене неутронских извора су заступ§ене у 
индустриjи, у науци и истражива»у,
 []


Overfull \hbox (23.50075pt too wide) in paragraph at lines 235--236
[][][]\T2A/cmr/bx/n/10.95 Контрола индустриjских процеса\T2A/cmr/m/n/10.95 : ко
нтрола цементног процеса, испитива»е квалитета
 []


Overfull \hbox (37.85057pt too wide) in paragraph at lines 241--242
[][][]\T2A/cmr/bx/n/10.95 Општа истражива»а\T2A/cmr/m/n/10.95 : референтни изво
р брзих неутрона за инструментациjу, калибрациони
 []


Overfull \hbox (20.14268pt too wide) in paragraph at lines 241--242
\T2A/cmr/m/n/10.95 извор за инструментациjу за посматра»е нeутрина, проучава»е 
осет§ивости електронских
 []


Overfull \hbox (5.26535pt too wide) in paragraph at lines 241--242
\T2A/cmr/m/n/10.95 компоненти на радиjациjу, испитива»е нуклеарног реактора, не
утронска радиографиjа. 
 []


Overfull \hbox (33.60268pt too wide) in paragraph at lines 249--250
\T2A/cmr/m/n/10.95 за заштиту од зраче»а у близини акцелератора честица и нукле
арних реактора, за квантификациjу
 []


Overfull \hbox (9.9377pt too wide) in paragraph at lines 253--254
[][][]\T2A/cmr/m/n/10.95 За детекциjу, неутралне честице наjпре мораjу проЈи кр
оз неку врсту реакциjе у детектору,
 []


Overfull \hbox (27.40688pt too wide) in paragraph at lines 253--254
\T2A/cmr/m/n/10.95 струjног сигнала, док у сцинтилаторима ексцитациjа и jонизац
иjа доприносе поjави молекуларних
 []


Overfull \hbox (2.59476pt too wide) in paragraph at lines 253--254
\T2A/cmr/m/n/10.95 прелаза, чиjи jе краj»и резултат емисиjа светлости. У фотогр
афским емулзиjама, jонизациjа
 []


Overfull \hbox (7.08397pt too wide) in paragraph at lines 257--258
\T2A/cmr/m/n/10.95 напаjа»е енергиjом у току излага»а. Меўу данас коришЈеним па
сивним личним неутронским
 []

[6] <images/dosimetry.png, id=46, 625.58719pt x 274.77657pt>
File: images/dosimetry.png Graphic file (type png)

<use images/dosimetry.png>
Package pdftex.def Info: images/dosimetry.png used on input line 269.
(pdftex.def)             Requested size: 426.79134pt x 187.46611pt.

Overfull \hbox (28.67639pt too wide) in paragraph at lines 279--281
[][][]\T2A/cmr/m/n/10.95 У складу са поменутим, основна хипотеза Мастер рада jе
 да се оваj посао може аутоматизовати
 []

[7 <./images/dosimetry.png>]
\CYRG \cyrl \cyra \cyrv \cyra  2.

Overfull \hbox (26.41687pt too wide) in paragraph at lines 292--293
\T2A/cmr/m/n/10.95 садржи имплеметациjе више стотина алгоритама рачунарског вид
а (\T2A/cmr/m/it/10.95 com-puter vi-sion\T2A/cmr/m/n/10.95 ). Библиотека
 []


Overfull \hbox (0.96204pt too wide) in paragraph at lines 292--293
\T2A/cmr/m/it/10.95 C\T2A/cmr/m/n/10.95 , \T2A/cmr/m/it/10.95 Python \T2A/cmr/m
/n/10.95 и \T2A/cmr/m/it/10.95 MAT-LAB\T2A/cmr/m/n/10.95 , а у развоjу су и инт
ерфеjси за \T2A/cmr/m/it/10.95 CUDA \T2A/cmr/m/n/10.95 и \T2A/cmr/m/it/10.95 Op
enCL \T2A/cmr/m/n/10.95 платформе. Подржана
 []


Overfull \hbox (8.10217pt too wide) in paragraph at lines 292--293
\T2A/cmr/m/n/10.95 jе на свим вoдеЈим оперативним системима: \T2A/cmr/m/it/10.9
5 Win-dows\T2A/cmr/m/n/10.95 , \T2A/cmr/m/it/10.95 Linux\T2A/cmr/m/n/10.95 , \T
2A/cmr/m/it/10.95 An-droid \T2A/cmr/m/n/10.95 и \T2A/cmr/m/it/10.95 Mac OS X\T2
A/cmr/m/n/10.95 . Библиотека
 []


Overfull \hbox (28.79736pt too wide) in paragraph at lines 294--295
\T2A/cmr/m/n/10.95 препознава»е лицa, праЈе»е покрета при видео снимку, спаjа»е
 више слика у jедну, препознава»е
 []


Overfull \hbox (12.08871pt too wide) in paragraph at lines 296--297
\T2A/cmr/m/n/10.95 посматра ствари на исти начин као и §уди. Основни кораци сис
тема базираног на рачунарском
 []

<images/cv.png, id=51, 1309.89375pt x 1276.77pt>
File: images/cv.png Graphic file (type png)
 <use images/cv.png>
Package pdftex.def Info: images/cv.png used on input line 307.
(pdftex.def)             Requested size: 213.39566pt x 207.98894pt.


LaTeX Warning: `h' float specifier changed to `ht'.


Overfull \hbox (22.4427pt too wide) in paragraph at lines 313--314
\T2A/cmr/m/n/10.95 машинсог уче»а (\T2A/cmr/m/it/10.95 ma-chine learn-ing\T2A/c
mr/m/n/10.95 ) као и алгоритми обраде слика (\T2A/cmr/m/it/10.95 im-age pro-ces
s-ing\T2A/cmr/m/n/10.95 ). Библиотека
 []

[8

]
Overfull \hbox (6.0pt too wide) in paragraph at lines 321--321
[][][][][][][][][] 
 []

LaTeX Font Info:    Try loading font information for T2A+cmtt on input line 321
.
("C:\Program Files (x86)\MiKTeX 2.9\tex\latex\cyrillic\t2acmtt.fd"
File: t2acmtt.fd 2001/08/11 v1.0a Computer Modern Cyrillic font definitions
)
Overfull \hbox (6.27174pt too wide) in paragraph at lines 333--335
\T2A/cmr/m/n/10.95 представ§аjу измерену перцепциjу интензитета код трохроматск
их §уди. Конкретно, §удски
 []

<images/original+grayscale.png, id=56, 781.41937pt x 297.36093pt>
File: images/original+grayscale.png Graphic file (type png)

<use images/original+grayscale.png>
Package pdftex.def Info: images/original+grayscale.png used on input line 338.
(pdftex.def)             Requested size: 426.79134pt x 162.41013pt.
 [9 <./images/cv.png>]
Overfull \hbox (2.71608pt too wide) in paragraph at lines 348--349
\T2A/cmr/m/n/10.95 дигиталноj слици. Задатак сегментациjе слике jе да произведе
 поjедностав§ене информациjе
 []


Overfull \hbox (9.96927pt too wide) in paragraph at lines 356--357
[][][]\T2A/cmr/bx/n/10.95 Сегметациjа кластеризациjом \T2A/cmr/m/n/10.95 (\T2A/
cmr/m/it/10.95 Clus-ter-ing\T2A/cmr/m/n/10.95 ) - подразумева груписа»е пиксела
 сличних
 []


Overfull \hbox (5.8946pt too wide) in paragraph at lines 356--357
\T2A/cmr/m/n/10.95 карактеристика у групе/обjекте. Поступак сегментациjе се сас
тоjи од рачуна»а вектора
 []


Overfull \hbox (11.73676pt too wide) in paragraph at lines 356--357
\T2A/cmr/m/n/10.95 кластера коjи свакако припадаjу различитим обjектима) и прид
ружива»е сваког пиксела
 []


Overfull \hbox (1.96472pt too wide) in paragraph at lines 356--357
\T2A/cmr/m/n/10.95 jедном од кластера. Ова метода се приме»уjе са великим успех
ом у обради сателитских
 []


Overfull \hbox (1.20575pt too wide) in paragraph at lines 364--365
\T2A/cmr/m/n/10.95 трагова од позадине jе релативно jедноставан задатак. Компли
кованиjи случаj jе раздваjа»е
 []

[10 <./images/original+grayscale.png>]
Overfull \hbox (9.76024pt too wide) in paragraph at lines 375--376
\T2A/cmr/m/n/10.95 бинаризациjа. Бинаризациjа подразумева раздваjа»е светлих и 
тамних делова слике, односно,
 []

<images/binary.png, id=69, 778.40813pt x 294.34969pt>
File: images/binary.png Graphic file (type png)
 <use images/binary.png>
Package pdftex.def Info: images/binary.png used on input line 380.
(pdftex.def)             Requested size: 426.79134pt x 161.39427pt.

Overfull \hbox (6.0pt too wide) in paragraph at lines 396--396
[][][][][][][][][] 
 []

[11 <./images/binary.png>]
<images/histogram.png, id=75, 330.48468pt x 175.40532pt>
File: images/histogram.png Graphic file (type png)

<use images/histogram.png>
Package pdftex.def Info: images/histogram.png used on input line 410.
(pdftex.def)             Requested size: 284.52756pt x 151.01959pt.

Overfull \hbox (6.0pt too wide) in paragraph at lines 417--417
[][][][][][][][][] 
 []


Overfull \hbox (6.0pt too wide) in paragraph at lines 431--431
[][][][][][][][][] 
 []

<images/seg_bin_con.png, id=76, 901.11656pt x 367.3725pt>
File: images/seg_bin_con.png Graphic file (type png)

<use images/seg_bin_con.png>
Package pdftex.def Info: images/seg_bin_con.png used on input line 444.
(pdftex.def)             Requested size: 426.79134pt x 173.99922pt.

Overfull \hbox (5.57463pt too wide) in paragraph at lines 450--451
\T2A/cmr/m/n/10.95 сегментациjа трагова, не врши се над свим контурама, веЈ сам
о над оним чиjе карактеристике
 []


Overfull \hbox (11.03949pt too wide) in paragraph at lines 450--451
\T2A/cmr/m/n/10.95 указуjу на то да би могле бити изграўене од више споjених тр
агова. Користе се карактеристике
 []

[12 <./images/histogram.png>]
<images/distance_matrix.png, id=82, 1403.99532pt x 414.04688pt>
File: images/distance_matrix.png Graphic file (type png)

<use images/distance_matrix.png>
Package pdftex.def Info: images/distance_matrix.png used on input line 454.
(pdftex.def)             Requested size: 341.43306pt x 100.68738pt.

Overfull \hbox (14.6684pt too wide) in paragraph at lines 460--461
[][][]\T2A/cmr/m/n/10.95 Потенциjалне центре споjених трагова тражимо на основу
 матрице уда§ености од позадине.
 []

<images/local_maxima.png, id=83, 78.2925pt x 39.14626pt>
File: images/local_maxima.png Graphic file (type png)

<use images/local_maxima.png>
Package pdftex.def Info: images/local_maxima.png used on input line 464.
(pdftex.def)             Requested size: 426.79134pt x 213.42523pt.

Overfull \hbox (5.61386pt too wide) in paragraph at lines 470--471
[][][]\T2A/cmr/m/n/10.95 Када израчунамо матрицу уда»ености, користимо \T2A/cmr
/m/it/10.95 con-nect-ed-Com-po-nents \T2A/cmr/m/n/10.95 funkciju \T2A/cmr/m/it/
10.95 OpenCV\T2A/cmr/m/n/10.95 -
 []


Overfull \hbox (6.0pt too wide) in paragraph at lines 472--472
[][][][][][][][][] 
 []

[13 <./images/seg_bin_con.png> <./images/distance_matrix.png>]
Overfull \hbox (18.48465pt too wide) in paragraph at lines 489--490
[][][]\T2A/cmr/m/it/10.95 OpenCV \T2A/cmr/m/n/10.95 садржи модификовану верзиjу
 \T2A/cmr/m/it/10.95 wa-ter-shed \T2A/cmr/m/n/10.95 алгоритма. Имплементациjа н
е проналази
 []


Overfull \hbox (6.43965pt too wide) in paragraph at lines 489--490
\T2A/cmr/m/n/10.95 улазни параметар.Ту се користе локални максимуми одреўени на
 основу матрице уда»ености.
 []


Overfull \hbox (6.0pt too wide) in paragraph at lines 491--491
[][][][][][][][][] 
 []

[14 <./images/local_maxima.png>]
<images/watershed.png, id=91, 38.39343pt x 39.14626pt>
File: images/watershed.png Graphic file (type png)

<use images/watershed.png>
Package pdftex.def Info: images/watershed.png used on input line 514.
(pdftex.def)             Requested size: 213.39566pt x 217.59514pt.

<images/prev+new.png, id=92, 244.66406pt x 99.37125pt>
File: images/prev+new.png Graphic file (type png)

<use images/prev+new.png>
Package pdftex.def Info: images/prev+new.png used on input line 526.
(pdftex.def)             Requested size: 426.79134pt x 173.34732pt.
 [15 <./images/watershed.png>]
<images/desc.png, id=97, 447.92343pt x 362.10281pt>
File: images/desc.png Graphic file (type png)
 <use images/desc.png>
Package pdftex.def Info: images/desc.png used on input line 549.
(pdftex.def)             Requested size: 284.52756pt x 230.02112pt.

Overfull \hbox (25.22047pt too wide) in paragraph at lines 560--562
\T2A/cmr/m/n/10.95 транслациjу, ротациjу, скалира»е и перспективу. У датом случ
аjу, очекуjе се афина хомографиjа,
 []

<images/rotation.png, id=98, 240.9pt x 97.11281pt>
File: images/rotation.png Graphic file (type png)
 <use images/rotation.png>
Package pdftex.def Info: images/rotation.png used on input line 565.
(pdftex.def)             Requested size: 426.79134pt x 172.06746pt.


LaTeX Warning: `h' float specifier changed to `ht'.


Overfull \hbox (6.0pt too wide) in paragraph at lines 571--571
[][][][][][][][][] 
 []

[16 <./images/prev+new.png>] [17 <./images/desc.png>]
Overfull \hbox (7.2523pt too wide) in paragraph at lines 622--623
[][][]\T2A/cmr/m/n/10.95 Дати алгоритам функционише готово без грешке ако се пр
имени на вештачки генерисаним
 []

[18 <./images/rotation.png>]
\CYRG \cyrl \cyra \cyrv \cyra  3.
<images/qt_platforms.png, id=110, 978.65625pt x 730.22812pt>
File: images/qt_platforms.png Graphic file (type png)

<use images/qt_platforms.png>
Package pdftex.def Info: images/qt_platforms.png used on input line 638.
(pdftex.def)             Requested size: 426.79134pt x 318.46005pt.
 [19

 <./images/qt_platforms.png (PNG copy)>]
Overfull \hbox (2.60605pt too wide) in paragraph at lines 646--647
[][][]\T2A/cmr/m/n/10.95 Од самог почетка \T2A/cmr/m/it/10.95 Qt \T2A/cmr/m/n/1
0.95 jе био доступан за слободну комерциjалну употребу. То jе омогуЈило
 []


Overfull \hbox (5.3664pt too wide) in paragraph at lines 646--647
\T2A/cmr/m/n/10.95 лиценци. У почетку изворни код jе био под лиценцом \T2A/cmr/
m/it/10.95 FreeQT \T2A/cmr/m/n/10.95 коjа jе дозво§авала преузима»е
 []


Overfull \hbox (7.73007pt too wide) in paragraph at lines 652--655
[][][]\T2A/cmr/bx/it/10.95 Qt As-sis-tant \T2A/cmr/m/n/10.95 jе алат коjи графи
чки презентуjе \T2A/cmr/m/it/10.95 HTML \T2A/cmr/m/n/10.95 документациjу проjек
та. Садржи
 []


Overfull \hbox (4.2316pt too wide) in paragraph at lines 656--657
[][][]\T2A/cmr/bx/it/10.95 Qt De-signer \T2A/cmr/m/n/10.95 jе алат за проjектов
а»е и изград»у корисничког интерфеjса. Кориснички
 []


Overfull \hbox (17.97765pt too wide) in paragraph at lines 656--657
\T2A/cmr/m/n/10.95 на различитим платформама. Визуелне контроле креиране са ови
м дизаjнером интегришу
 []


Overfull \hbox (5.9907pt too wide) in paragraph at lines 656--657
\T2A/cmr/m/n/10.95 се са програмским кодом употребом модела сигнала и слотова ш
то олакшава раздваjа»е
 []


Overfull \hbox (4.52223pt too wide) in paragraph at lines 656--657
\T2A/cmr/m/n/10.95 функционалности од корисничког интерфеjса. Све карактеристик
е визуелних контрола
 []


Overfull \hbox (15.44783pt too wide) in paragraph at lines 665--666
[][][]\T2A/cmr/m/it/10.95 Qt \T2A/cmr/m/n/10.95 фреjмворк jе поде§ен у неколико
 засебних модула. Да би се користиле функционалности
 []


Overfull \hbox (6.0pt too wide) in paragraph at lines 666--666
[][][][][][][][][] 
 []

LaTeX Font Info:    Font shape `T2A/cmtt/bx/n' in size <10.95> not available
(Font)              Font shape `T2A/cmtt/m/n' tried instead on input line 673.
[20]
Overfull \hbox (25.02002pt too wide) in paragraph at lines 675--676
\T2A/cmr/m/n/10.95 специjализоване контроле \T2A/cmtt/m/n/10.95 Widgets \T2A/cm
r/m/n/10.95 (\T2A/cmtt/m/n/10.95 QCalendarWidget\T2A/cmr/m/n/10.95 , \T2A/cmtt/
m/n/10.95 QDockWidget\T2A/cmr/m/n/10.95 ), контеjнере (\T2A/cmtt/m/n/10.95 QGro
upBox\T2A/cmr/m/n/10.95 ,
 []


Overfull \hbox (10.56732pt too wide) in paragraph at lines 677--678
[][][]\T2A/cmtt/m/n/10.95 QtXml \T2A/cmr/m/n/10.95 садржи класе за рад са \T2A/
cmtt/m/n/10.95 Xml \T2A/cmr/m/n/10.95 фаjловима. ОмогуЈава чита»е, писа»е и фор
матира»е
 []


Overfull \hbox (13.42067pt too wide) in paragraph at lines 683--684
[][][]\T2A/cmr/m/n/10.95 Сигнали и слотови (\T2A/cmr/m/it/10.95 Sig-nals and Sl
ots\T2A/cmr/m/n/10.95 ) су основни механизам свих \T2A/cmr/m/it/10.95 Qt \T2A/c
mr/m/n/10.95 програма. ОмогуЈаваjу
 []


Overfull \hbox (6.0pt too wide) in paragraph at lines 687--687
[][][][][][][][][] 
 []


Overfull \hbox (6.0pt too wide) in paragraph at lines 704--704
[][][][][][][][][] 
 []


Overfull \hbox (6.0pt too wide) in paragraph at lines 720--720
[][][][][][][][][] 
 []

[21]
Overfull \hbox (6.0pt too wide) in paragraph at lines 730--730
[][][][][][][][][] 
 []

[22]
\CYRG \cyrl \cyra \cyrv \cyra  4.

Overfull \hbox (19.45964pt too wide) in paragraph at lines 748--749
[][][]\T2A/cmr/m/it/10.95 Софтвер за детекциjу трагова неутронске дозиметриjе \
T2A/cmr/m/n/10.95 омогуЈава обраду слика неутронске
 []


Overfull \hbox (18.5303pt too wide) in paragraph at lines 748--749
\T2A/cmr/m/n/10.95 информациjа о броjу трагова неутрона, »иховоj позициjи и вел
ичини. ОмогуЈено jе подешава»е
 []

<images/softver.PNG, id=124, 730.98094pt x 496.85625pt>
File: images/softver.PNG Graphic file (type png)

<use images/softver.PNG>
Package pdftex.def Info: images/softver.PNG used on input line 754.
(pdftex.def)             Requested size: 384.1122pt x 261.08846pt.

Overfull \hbox (23.93028pt too wide) in paragraph at lines 761--762
\T2A/cmr/m/n/10.95 проjекта: \T2A/cmtt/m/n/10.95 ndtr_engine \T2A/cmr/m/n/10.95
 и \T2A/cmtt/m/n/10.95 ndtr_app\T2A/cmr/m/n/10.95 , коjе су задужене за детекци
jу трагова неутронске дозиметриjе
 []

[23

 <./images/softver.PNG>]
<images/struktura.png, id=129, 616.55344pt x 137.7647pt>
File: images/struktura.png Graphic file (type png)

<use images/struktura.png>
Package pdftex.def Info: images/struktura.png used on input line 765.
(pdftex.def)             Requested size: 284.52756pt x 63.57642pt.

Overfull \hbox (13.7277pt too wide) in paragraph at lines 776--777
\T2A/cmr/m/n/10.95 податке о учитаним проjектима и сликама, тренутном приказу, 
одабраним подешава»има
 []


Overfull \hbox (1.4766pt too wide) in paragraph at lines 777--778
[][][]\T2A/cmtt/m/n/10.95 ProjectItem \T2A/cmr/m/n/10.95 jе изведен из \T2A/cmr
/m/it/10.95 QT \T2A/cmr/m/n/10.95 класе \T2A/cmtt/m/n/10.95 QStandardItem \T2A/
cmr/m/n/10.95 и дефинише специфично понаша»е
 []


Overfull \hbox (19.79465pt too wide) in paragraph at lines 785--786
[][][]\T2A/cmtt/m/n/10.95 Ellipse \T2A/cmr/m/n/10.95 описуjе наjма»у елипсу коj
а се може описати око детектованог трага. Дефинисана
 []


Overfull \hbox (6.16061pt too wide) in paragraph at lines 791--792
[][][]\T2A/cmtt/m/n/10.95 Stats \T2A/cmr/m/n/10.95 структура садржи статистичке
 податке коjи се рачунаjу за сваку слику: Наjма»и,
 []

[24 <./images/struktura.png>]
<images/engine.png, id=135, 549.55313pt x 478.03593pt>
File: images/engine.png Graphic file (type png)
 <use images/engine.png>
Package pdftex.def Info: images/engine.png used on input line 798.
(pdftex.def)             Requested size: 426.79134pt x 371.2618pt.

<images/softver2.PNG, id=136, 846.16125pt x 560.0925pt>
File: images/softver2.PNG Graphic file (type png)

<use images/softver2.PNG>
Package pdftex.def Info: images/softver2.PNG used on input line 817.
(pdftex.def)             Requested size: 426.79134pt x 282.49835pt.
 [25 <./images/engine.png>]
Overfull \hbox (6.0pt too wide) in paragraph at lines 838--838
[][][][][][][][][] 
 []

<images/projects.png, id=141, 679.03688pt x 217.5628pt>
File: images/projects.png Graphic file (type png)

<use images/projects.png>
Package pdftex.def Info: images/projects.png used on input line 854.
(pdftex.def)             Requested size: 426.79134pt x 136.74327pt.
 [26 <./images/softver2.PNG>]
Overfull \hbox (17.84427pt too wide) in paragraph at lines 862--864
[][][]\T2A/cmr/m/n/10.95 У централном делу програма налази се приказ слике неут
ронске дозиметриjе и детектованих
 []

<images/viewoptions.png, id=146, 353.06906pt x 27.10126pt>
File: images/viewoptions.png Graphic file (type png)

<use images/viewoptions.png>
Package pdftex.def Info: images/viewoptions.png used on input line 867.
(pdftex.def)             Requested size: 426.79134pt x 32.76035pt.

<images/imagetype.png, id=147, 947.03813pt x 294.34969pt>
File: images/imagetype.png Graphic file (type png)

<use images/imagetype.png>
Package pdftex.def Info: images/imagetype.png used on input line 877.
(pdftex.def)             Requested size: 426.79134pt x 132.64925pt.

<images/shapetype.png, id=148, 287.57437pt x 182.18062pt>
File: images/shapetype.png Graphic file (type png)

<use images/shapetype.png>
Package pdftex.def Info: images/shapetype.png used on input line 887.
(pdftex.def)             Requested size: 227.62204pt x 144.20464pt.
 [27 <./images/projects.png> <./images/viewoptions.png> <./images/imagetype.png
>]
<images/trace.png, id=152, 178.41656pt x 176.91093pt>
File: images/trace.png Graphic file (type png)
 <use images/trace.png>
Package pdftex.def Info: images/trace.png used on input line 897.
(pdftex.def)             Requested size: 113.81102pt x 112.85008pt.

<images/colors.png, id=153, 415.5525pt x 465.99094pt>
File: images/colors.png Graphic file (type png)
 <use images/colors.png>
Package pdftex.def Info: images/colors.png used on input line 905.
(pdftex.def)             Requested size: 369.88582pt x 414.79462pt.

[28 <./images/shapetype.png> <./images/trace.png>]
<images/stats.png, id=157, 187.45032pt x 232.61906pt>
File: images/stats.png Graphic file (type png)
 <use images/stats.png>
Package pdftex.def Info: images/stats.png used on input line 921.
(pdftex.def)             Requested size: 170.71652pt x 211.86469pt.

[29 <./images/colors.png>]
Overfull \hbox (6.0pt too wide) in paragraph at lines 929--929
[][][][][][][][][] 
 []

<images/processing.png, id=161, 611.28375pt x 117.43875pt>
File: images/processing.png Graphic file (type png)

<use images/processing.png>
Package pdftex.def Info: images/processing.png used on input line 953.
(pdftex.def)             Requested size: 426.79134pt x 81.9933pt.
 [30 <./images/stats.png>] [31 <./images/processing.png>]
\CYRG \cyrl \cyra \cyrv \cyra  5.
<images/test.png, id=169, 975.645pt x 731.73375pt>
File: images/test.png Graphic file (type png)
 <use images/test.png>
Package pdftex.def Info: images/test.png used on input line 975.
(pdftex.def)             Requested size: 426.79134pt x 320.09923pt.

Overfull \hbox (20.91223pt too wide) in paragraph at lines 983--984
[][][]\T2A/cmr/m/n/10.95 Као метрике за вреднова»е користе се \T2A/cmr/m/it/10.
95 тачност \T2A/cmr/m/n/10.95 и \T2A/cmr/m/it/10.95 прецизност \T2A/cmr/m/n/10.
95 система. \T2A/cmr/m/it/10.95 Тачност \T2A/cmr/m/n/10.95 представ§а
 []


Overfull \hbox (24.41646pt too wide) in paragraph at lines 983--984
\T2A/cmr/m/n/10.95 однос исправно детектованих трагова према стварном броjу тра
гова, док \T2A/cmr/m/it/10.95 прецизност \T2A/cmr/m/n/10.95 представ§а
 []

[32

 <./images/test.png>]
<images/recall_prec.png, id=173, 523.9575pt x 706.13812pt>
File: images/recall_prec.png Graphic file (type png)

<use images/recall_prec.png>
Package pdftex.def Info: images/recall_prec.png used on input line 987.
(pdftex.def)             Requested size: 341.43306pt x 460.1588pt.
 [33 <./images/recall_prec.png>]
<images/analysis.png, id=178, 140.77594pt x 100.12407pt>
File: images/analysis.png Graphic file (type png)

<use images/analysis.png>
Package pdftex.def Info: images/analysis.png used on input line 1016.
(pdftex.def)             Requested size: 284.52756pt x 202.40024pt.
 <images/error01.png, id=179, 909.3975pt x 1397.22pt>
File: images/error01.png Graphic file (type png)

<use images/error01.png>
Package pdftex.def Info: images/error01.png used on input line 1032.
(pdftex.def)             Requested size: 426.79134pt x 655.73412pt.
 [34 <./images/analysis.png>]
Overfull \vbox (2.15103pt too high) has occurred while \output is active []


[35 <./images/error01.png>]
<images/binthresh.png, id=187, 206.27063pt x 48.93282pt>
File: images/binthresh.png Graphic file (type png)

<use images/binthresh.png>
Package pdftex.def Info: images/binthresh.png used on input line 1040.
(pdftex.def)             Requested size: 426.79134pt x 101.2559pt.
 <images/multi.png, id=188, 97.86563pt x 24.84282pt>
File: images/multi.png Graphic file (type png)

<use images/multi.png>
Package pdftex.def Info: images/multi.png used on input line 1048.
(pdftex.def)             Requested size: 426.79134pt x 108.36288pt.
 <images/small.png, id=189, 90.3375pt x 44.41594pt>
File: images/small.png Graphic file (type png)

<use images/small.png>
Package pdftex.def Info: images/small.png used on input line 1056.
(pdftex.def)             Requested size: 426.79134pt x 209.89618pt.
 <images/shadow.png, id=190, 96.36pt x 44.41594pt>
File: images/shadow.png Graphic file (type png)

<use images/shadow.png>
Package pdftex.def Info: images/shadow.png used on input line 1064.
(pdftex.def)             Requested size: 426.79134pt x 196.75632pt.
 [36 <./images/binthresh.png> <./images/multi.png> <./images/small.png>]
Overfull \hbox (3.11859pt too wide) in paragraph at lines 1076--1077
[][][]\T2A/cmr/m/n/10.95 Такоўе, важно jе напоменути да ниjе увек погодно корис
тити подразумевана подешава»а.
 []

[37 <./images/shadow.png>]
\CYRG \cyrl \cyra \cyrv \cyra  6.

Overfull \hbox (25.86601pt too wide) in paragraph at lines 1090--1091
[][][]\T2A/cmr/m/n/10.95 Као резултат рада направ§ен jе софтверски пакет коjи о
браўуjе слике неутронске дозиметриjе
 []

[38

]
Underfull \hbox (badness 2894) in paragraph at lines 1106--1107
[][][]\T2A/cmr/m/n/10.95 Би§ана МиленковиЈ, \T2A/cmr/m/it/10.95 Примена детекто
ра CR-39 у детекциjи и дозиметриjи
 []

[39

] (master-rad.aux)

LaTeX Warning: There were multiply-defined labels.

 ) 
Here is how much of TeX's memory you used:
 9041 strings out of 493673
 124705 string characters out of 3141528
 304449 words of memory out of 3000000
 12189 multiletter control sequences out of 15000+200000
 31463 words of font info for 72 fonts, out of 3000000 for 9000
 1025 hyphenation exceptions out of 8191
 36i,19n,51p,3872b,1977s stack positions out of 5000i,500n,10000p,200000b,50000s
 <C:\Users\Nikola\AppData\Local\MiKTeX\2.9\fonts\pk\ljfour\lh\lh-t2a\dpi600\l
att1095.pk> <C:\Users\Nikola\AppData\Local\MiKTeX\2.9\fonts\pk\ljfour\lh\lh-t2a
\dpi600\labi0900.pk> <C:\Users\Nikola\AppData\Local\MiKTeX\2.9\fonts\pk\ljfour\
lh\lh-t2a\dpi600\latt0900.pk> <C:\Users\Nikola\AppData\Local\MiKTeX\2.9\fonts\p
k\ljfour\lh\lh-t2a\dpi600\larm0600.pk> <C:\Users\Nikola\AppData\Local\MiKTeX\2.
9\fonts\pk\ljfour\lh\lh-t2a\dpi600\labx0900.pk> <C:\Users\Nikola\AppData\Local\
MiKTeX\2.9\fonts\pk\ljfour\lh\lh-t2a\dpi600\labi2488.pk> <C:\Users\Nikola\AppDa
ta\Local\MiKTeX\2.9\fonts\pk\ljfour\jknappen\ec\dpi600\tcrm1095.pk> <C:\Users\N
ikola\AppData\Local\MiKTeX\2.9\fonts\pk\ljfour\lh\lh-t2a\dpi600\labx1200.pk> <C
:\Users\Nikola\AppData\Local\MiKTeX\2.9\fonts\pk\ljfour\lh\lh-t2a\dpi600\lasl10
95.pk> <C:\Users\Nikola\AppData\Local\MiKTeX\2.9\fonts\pk\ljfour\lh\lh-t2a\dpi6
00\labx1440.pk> <C:\Users\Nikola\AppData\Local\MiKTeX\2.9\fonts\pk\ljfour\lh\lh
-t2a\dpi600\lati1095.pk> <C:\Users\Nikola\AppData\Local\MiKTeX\2.9\fonts\pk\ljf
our\lh\lh-t2a\dpi600\labi1095.pk> <C:\Users\Nikola\AppData\Local\MiKTeX\2.9\fon
ts\pk\ljfour\lh\lh-t2a\dpi600\larm1095.pk> <C:\Users\Nikola\AppData\Local\MiKTe
X\2.9\fonts\pk\ljfour\lh\lh-t2a\dpi600\labx1095.pk> <C:\Users\Nikola\AppData\Lo
cal\MiKTeX\2.9\fonts\pk\ljfour\lh\lh-t2a\dpi600\labx2488.pk> <C:\Users\Nikola\A
ppData\Local\MiKTeX\2.9\fonts\pk\ljfour\lh\lh-t2a\dpi600\larm1200.pk> <C:\Users
\Nikola\AppData\Local\MiKTeX\2.9\fonts\pk\ljfour\lh\lh-t2a\dpi600\lati1200.pk> 
<C:\Users\Nikola\AppData\Local\MiKTeX\2.9\fonts\pk\ljfour\lh\lh-t2a\dpi600\labx
2074.pk> <C:\Users\Nikola\AppData\Local\MiKTeX\2.9\fonts\pk\ljfour\lh\lh-t2a\dp
i600\lacc1440.pk> <C:\Users\Nikola\AppData\Local\MiKTeX\2.9\fonts\pk\ljfour\lh\
lh-t2a\dpi600\lacc1728.pk><C:/Program Files (x86)/MiKTeX 2.9/fonts/type1/public
/amsfonts/cm/cmex10.pfb><C:/Program Files (x86)/MiKTeX 2.9/fonts/type1/public/a
msfonts/cm/cmmi10.pfb><C:/Program Files (x86)/MiKTeX 2.9/fonts/type1/public/ams
fonts/cm/cmr10.pfb><C:/Program Files (x86)/MiKTeX 2.9/fonts/type1/public/amsfon
ts/cm/cmr8.pfb><C:/Program Files (x86)/MiKTeX 2.9/fonts/type1/public/amsfonts/c
m/cmsy10.pfb>
Output written on master-rad.pdf (40 pages, 6591428 bytes).
PDF statistics:
 1010 PDF objects out of 1200 (max. 8388607)
 0 named destinations out of 1000 (max. 500000)
 181 words of extra memory for PDF output out of 10000 (max. 10000000)

